Drill report for PCB_filter_1tol_THT.kicad_pcb
Created on 2025-11-17T16:54:26-0300

Copper Layer Stackup:
    =============================================================
    L1 :  F.Cu                      front
    L2 :  B.Cu                      back


Drill file 'PCB_filter_1tol_THT.drl' contains
    plated through holes:
    =============================================================
    T1  0,400mm  0,0157"  (1 hole)
    T2  0,600mm  0,0236"  (5 holes)
    T3  0,800mm  0,0315"  (50 holes)
    T4  0,813mm  0,0320"  (14 holes)
    T5  1,000mm  0,0394"  (2 holes)

    Total plated holes count 72


Not plated through holes are merged with plated holes
    unplated through holes:
    =============================================================
    T6  1,500mm  0,0591"  (5 holes)

    Total unplated holes count 5
